[Thu, 16 Jul 2020 11:33:34 -0600] Error 10: Metodo POST
[Thu, 16 Jul 2020 11:33:34 -0600] Error 20: Email: PW: 
[Thu, 16 Jul 2020 11:36:47 -0600] Error 10: Metodo POST
[Thu, 16 Jul 2020 11:36:47 -0600] Error 20: Email: fmb@gmail.comPW: pepin
[Thu, 16 Jul 2020 12:03:20 -0600] Error 10: Metodo POST
[Thu, 16 Jul 2020 12:03:20 -0600] Error 20: Email: PW: 
[Thu, 16 Jul 2020 12:48:02 -0600] Error 10: Metodo POST
[Thu, 16 Jul 2020 12:48:02 -0600] Error 15: 
[Thu, 16 Jul 2020 12:48:02 -0600] Error 20: Email: PW: 
[Thu, 16 Jul 2020 12:51:07 -0600] Error 10: Metodo POST
[Thu, 16 Jul 2020 12:51:07 -0600] Error 15: 
[Thu, 16 Jul 2020 12:51:07 -0600] Error 15: 
[Thu, 16 Jul 2020 12:51:07 -0600] Error 17: 
[Thu, 16 Jul 2020 12:51:07 -0600] Error 20: Email: PW: 
[Thu, 16 Jul 2020 12:54:18 -0600] Error 10: Metodo POST
[Thu, 16 Jul 2020 12:54:18 -0600] Error 15: 
[Thu, 16 Jul 2020 12:54:18 -0600] Error 17: 
[Thu, 16 Jul 2020 12:54:18 -0600] Error 20: Email: PW: 
[Thu, 16 Jul 2020 12:57:56 -0600] Error 10: Metodo POST
[Thu, 16 Jul 2020 12:57:56 -0600] Error 15: 
[Thu, 16 Jul 2020 12:57:56 -0600] Error 17: 
[Thu, 16 Jul 2020 12:57:56 -0600] Error 20: Email: fmb@gmail.comPW: pepin
[Thu, 16 Jul 2020 15:55:50 -0600] Error 10: Metodo POST
[Thu, 16 Jul 2020 15:55:50 -0600] Error 15: 
[Thu, 16 Jul 2020 15:55:50 -0600] Error 17: 
[Thu, 16 Jul 2020 15:55:50 -0600] Error 20: Email: fmtzbrizuelaPW: ilxisa
[Thu, 16 Jul 2020 16:01:06 -0600] Error 10: Metodo POST
[Thu, 16 Jul 2020 16:01:06 -0600] Error 15: 
[Thu, 16 Jul 2020 16:01:06 -0600] Error 17: 
[Thu, 16 Jul 2020 16:01:06 -0600] Error 20: Email: PW: 
[Thu, 16 Jul 2020 16:06:02 -0600] Error 10: Metodo POST
[Thu, 16 Jul 2020 16:06:02 -0600] Error 15: 
[Thu, 16 Jul 2020 16:06:02 -0600] Error 17: 
[Thu, 16 Jul 2020 16:06:02 -0600] Error 20: Email: PW: 
[Thu, 16 Jul 2020 16:08:57 -0600] Error 10: Metodo POST
[Thu, 16 Jul 2020 16:08:57 -0600] Error 15: 
[Thu, 16 Jul 2020 16:08:57 -0600] Error 17: 
[Thu, 16 Jul 2020 16:08:57 -0600] Error 20: Email: PW: 
[Thu, 16 Jul 2020 16:19:02 -0600] Error 10: Metodo POST
[Thu, 16 Jul 2020 16:19:02 -0600] Error 15: 
[Thu, 16 Jul 2020 16:19:02 -0600] Error 17: 
[Thu, 16 Jul 2020 16:19:02 -0600] Error 20: Email: PW: 
[Thu, 16 Jul 2020 16:22:06 -0600] Error 10: Metodo POST
[Thu, 16 Jul 2020 16:22:06 -0600] Error 15: 
[Thu, 16 Jul 2020 16:22:06 -0600] Error 17: 
[Thu, 16 Jul 2020 16:22:06 -0600] Error 20: Email: PW: 
[Thu, 16 Jul 2020 16:26:53 -0600] Error 10: Metodo POST
[Thu, 16 Jul 2020 16:26:54 -0600] Error 15: 
[Thu, 16 Jul 2020 16:26:54 -0600] Error 17: 
[Thu, 16 Jul 2020 16:26:54 -0600] Error 20: Email: PW: 
[Thu, 16 Jul 2020 16:30:27 -0600] Error 10: Metodo POST
[Thu, 16 Jul 2020 16:30:27 -0600] Error 15: 
[Thu, 16 Jul 2020 16:30:27 -0600] Error 17: 
[Thu, 16 Jul 2020 16:30:27 -0600] Error 20: Email: PW: 
[Thu, 16 Jul 2020 16:32:10 -0600] Error 10: Metodo POST
[Thu, 16 Jul 2020 16:32:10 -0600] Error 15: 
[Thu, 16 Jul 2020 16:32:10 -0600] Error 17: 
[Thu, 16 Jul 2020 16:32:10 -0600] Error 20: Email: PW: 
[Thu, 16 Jul 2020 16:36:47 -0600] Error 10: Metodo POST
[Thu, 16 Jul 2020 16:36:47 -0600] Error 15: 
[Thu, 16 Jul 2020 16:36:47 -0600] Error 17: 
[Thu, 16 Jul 2020 16:36:47 -0600] Error 20: Email: PW: 
[Thu, 16 Jul 2020 16:39:01 -0600] Error 10: Metodo POST
[Thu, 16 Jul 2020 16:39:01 -0600] Error 15: 
[Thu, 16 Jul 2020 16:39:01 -0600] Error 17: 
[Thu, 16 Jul 2020 16:39:01 -0600] Error 20: Email: PW: 
[Thu, 16 Jul 2020 16:44:36 -0600] Error 10: Metodo POST
[Thu, 16 Jul 2020 16:44:36 -0600] Error 15: 
[Thu, 16 Jul 2020 16:44:36 -0600] Error 17: 
[Thu, 16 Jul 2020 16:44:36 -0600] Error 20: Email: PW: 
[Thu, 16 Jul 2020 16:48:22 -0600] Error 10: Metodo POST
[Thu, 16 Jul 2020 16:48:22 -0600] Error 20: Req Email: PW: 
[Thu, 16 Jul 2020 16:48:22 -0600] Error 20: Post Email: PW: 
[Thu, 16 Jul 2020 16:53:12 -0600] Error 10: Metodo POST
[Thu, 16 Jul 2020 16:53:12 -0600] Error 20: Req Email: PW: 
[Thu, 16 Jul 2020 16:53:12 -0600] Error 20: Post Email: PW: 
[Thu, 16 Jul 2020 17:00:07 -0600] Error 10: Metodo POST
[Thu, 16 Jul 2020 17:00:07 -0600] Error 20: Req Email: PW: 
[Thu, 16 Jul 2020 17:00:07 -0600] Error 20: Post Email: PW: 
[Thu, 16 Jul 2020 17:04:48 -0600] Error 1: inp Email: pepin@gmail.comPW: pepin
[Thu, 16 Jul 2020 18:52:49 -0600] Error 1: inp Email: pepin@gmail.comPW: pepin
[Thu, 16 Jul 2020 18:53:38 -0600] Error 1: inp Email: fmtzbrizuela@gmail.comPW: pepin
[Thu, 16 Jul 2020 18:54:01 -0600] Error 1: inp Email: fmtzbrizuela@gmail.comPW: pepin
[Thu, 16 Jul 2020 18:54:27 -0600] Error 1: inp Email: fmtzbrizuela@gmail.comPW: pepin
[Thu, 16 Jul 2020 21:17:58 -0600] Error 1: inp Email: fmtzbrizuela@gmail.comPW: pepin
[Thu, 16 Jul 2020 21:20:12 -0600] Error 1: inp Email: fmtzbrizuela@gmail.comPW: llll
[Thu, 16 Jul 2020 21:20:34 -0600] Error 1: inp Email: fmtzbrizuela@gmail.comPW: pepin
[Fri, 17 Jul 2020 11:55:21 -0600] Error 1: input Email: fmb@gmail.comPW: pepin
[Mon, 20 Jul 2020 18:02:39 -0600] Error 1: input Email: pepin@gmail.comPW: pepin
[Mon, 20 Jul 2020 20:54:38 -0600] Error 1: input Modo: 2 Email: fmb@gmail.com PW: pepin
[Mon, 20 Jul 2020 21:04:05 -0600] Error 1: input Modo: 2 Email: fmb@gmail.com PW: pepin
